# JRE version: Java(TM) SE Runtime Environment (21.0.4+8) (build 21.0.4+8-LTS-274)
# Java VM: Java HotSpot(TM) 64-Bit Server VM (21.0.4+8-LTS-274, mixed mode, emulated-client, sharing, tiered, compressed oops, compressed class ptrs, g1 gc, windows-amd64)
GC Precious Log:
 CardTable entry size: 512
 Card Set container configuration: InlinePtr #cards 4 size 8 Array Of Cards #cards 16 size 48 Howl #buckets 8 coarsen threshold 3686 Howl Bitmap #cards 512 size 80 coarsen threshold 460 Card regions per heap region 1 cards per card region 4096
 CPUs: 8 total, 8 available
 Memory: 16288M
 Large Page Support: Disabled
 NUMA Support: Disabled
 Compressed Oops: Enabled (Zero based)
 Heap Region Size: 2M
 Heap Min Capacity: 8M
 Heap Initial Capacity: 256M
 Heap Max Capacity: 4074M
 Pre-touch: Disabled
 Parallel Workers: 8
 Concurrent Workers: 2
 Concurrent Refinement Workers: 8
 Periodic GC: Disabled
Heap:
 garbage-first heap   total 90112K, used 75983K [0x0000000701600000, 0x0000000800000000)
  region size 2048K, 22 young (45056K), 1 survivors (2048K)
 Metaspace       used 78423K, committed 79040K, reserved 1179648K
  class space    used 11315K, committed 11584K, reserved 1048576K
GC Heap History (20 events):
Event: 1.862 GC heap after
{Heap after GC invocations=3 (full 0):
 garbage-first heap   total 262144K, used 14649K [0x0000000701600000, 0x0000000800000000)
  region size 2048K, 3 young (6144K), 3 survivors (6144K)
 Metaspace       used 21174K, committed 21504K, reserved 1114112K
  class space    used 2869K, committed 3008K, reserved 1048576K
}
Event: 2.316 GC heap before
{Heap before GC invocations=4 (full 0):
 garbage-first heap   total 61440K, used 45369K [0x0000000701600000, 0x0000000800000000)
  region size 2048K, 18 young (36864K), 3 survivors (6144K)
 Metaspace       used 24804K, committed 25216K, reserved 1114112K
  class space    used 3414K, committed 3648K, reserved 1048576K
}
Event: 2.326 GC heap after
{Heap after GC invocations=5 (full 0):
 garbage-first heap   total 61440K, used 16954K [0x0000000701600000, 0x0000000800000000)
  region size 2048K, 2 young (4096K), 2 survivors (4096K)
 Metaspace       used 24804K, committed 25216K, reserved 1114112K
  class space    used 3414K, committed 3648K, reserved 1048576K
}
Event: 2.848 GC heap before
{Heap before GC invocations=5 (full 0):
 garbage-first heap   total 61440K, used 43578K [0x0000000701600000, 0x0000000800000000)
  region size 2048K, 15 young (30720K), 2 survivors (4096K)
 Metaspace       used 28607K, committed 29120K, reserved 1114112K
  class space    used 3978K, committed 4224K, reserved 1048576K
}
Event: 2.855 GC heap after
{Heap after GC invocations=6 (full 0):
 garbage-first heap   total 61440K, used 18664K [0x0000000701600000, 0x0000000800000000)
  region size 2048K, 1 young (2048K), 1 survivors (2048K)
 Metaspace       used 28607K, committed 29120K, reserved 1114112K
  class space    used 3978K, committed 4224K, reserved 1048576K
}
Event: 3.317 GC heap before
{Heap before GC invocations=6 (full 0):
 garbage-first heap   total 61440K, used 45288K [0x0000000701600000, 0x0000000800000000)
  region size 2048K, 14 young (28672K), 1 survivors (2048K)
 Metaspace       used 33115K, committed 33664K, reserved 1114112K
  class space    used 4653K, committed 4864K, reserved 1048576K
}
Event: 3.324 GC heap after
{Heap after GC invocations=7 (full 0):
 garbage-first heap   total 61440K, used 21027K [0x0000000701600000, 0x0000000800000000)
  region size 2048K, 2 young (4096K), 2 survivors (4096K)
 Metaspace       used 33115K, committed 33664K, reserved 1114112K
  class space    used 4653K, committed 4864K, reserved 1048576K
}
Event: 3.586 GC heap before
{Heap before GC invocations=7 (full 0):
 garbage-first heap   total 61440K, used 35363K [0x0000000701600000, 0x0000000800000000)
  region size 2048K, 10 young (20480K), 2 survivors (4096K)
 Metaspace       used 35720K, committed 36288K, reserved 1114112K
  class space    used 4949K, committed 5248K, reserved 1048576K
}
Event: 3.591 GC heap after
{Heap after GC invocations=8 (full 0):
 garbage-first heap   total 161792K, used 22399K [0x0000000701600000, 0x0000000800000000)
  region size 2048K, 1 young (2048K), 1 survivors (2048K)
 Metaspace       used 35720K, committed 36288K, reserved 1114112K
  class space    used 4949K, committed 5248K, reserved 1048576K
}
Event: 4.625 GC heap before
{Heap before GC invocations=9 (full 0):
 garbage-first heap   total 90112K, used 71551K [0x0000000701600000, 0x0000000800000000)
  region size 2048K, 26 young (53248K), 1 survivors (2048K)
 Metaspace       used 48522K, committed 49152K, reserved 1114112K
  class space    used 6685K, committed 6976K, reserved 1048576K
}
Event: 4.628 GC heap after
{Heap after GC invocations=10 (full 0):
 garbage-first heap   total 90112K, used 25069K [0x0000000701600000, 0x0000000800000000)
  region size 2048K, 2 young (4096K), 2 survivors (4096K)
 Metaspace       used 48522K, committed 49152K, reserved 1114112K
  class space    used 6685K, committed 6976K, reserved 1048576K
}
Event: 5.739 GC heap before
{Heap before GC invocations=10 (full 0):
 garbage-first heap   total 90112K, used 72173K [0x0000000701600000, 0x0000000800000000)
  region size 2048K, 26 young (53248K), 2 survivors (4096K)
 Metaspace       used 59965K, committed 60608K, reserved 1114112K
  class space    used 8317K, committed 8640K, reserved 1048576K
}
Event: 5.744 GC heap after
{Heap after GC invocations=11 (full 0):
 garbage-first heap   total 90112K, used 27663K [0x0000000701600000, 0x0000000800000000)
  region size 2048K, 4 young (8192K), 4 survivors (8192K)
 Metaspace       used 59965K, committed 60608K, reserved 1114112K
  class space    used 8317K, committed 8640K, reserved 1048576K
}
Event: 5.769 GC heap before
{Heap before GC invocations=11 (full 0):
 garbage-first heap   total 90112K, used 27663K [0x0000000701600000, 0x0000000800000000)
  region size 2048K, 5 young (10240K), 4 survivors (8192K)
 Metaspace       used 60273K, committed 60928K, reserved 1114112K
  class space    used 8369K, committed 8704K, reserved 1048576K
}
Event: 5.775 GC heap after
{Heap after GC invocations=12 (full 0):
 garbage-first heap   total 90112K, used 28217K [0x0000000701600000, 0x0000000800000000)
  region size 2048K, 2 young (4096K), 2 survivors (4096K)
 Metaspace       used 60273K, committed 60928K, reserved 1114112K
  class space    used 8369K, committed 8704K, reserved 1048576K
}
Event: 7.314 GC heap before
{Heap before GC invocations=13 (full 0):
 garbage-first heap   total 90112K, used 71225K [0x0000000701600000, 0x0000000800000000)
  region size 2048K, 24 young (49152K), 2 survivors (4096K)
 Metaspace       used 69907K, committed 70656K, reserved 1114112K
  class space    used 9968K, committed 10304K, reserved 1048576K
}
Event: 7.319 GC heap after
{Heap after GC invocations=14 (full 0):
 garbage-first heap   total 90112K, used 30091K [0x0000000701600000, 0x0000000800000000)
  region size 2048K, 3 young (6144K), 3 survivors (6144K)
 Metaspace       used 69907K, committed 70656K, reserved 1114112K
  class space    used 9968K, committed 10304K, reserved 1048576K
}
Event: 9.791 GC heap before
{Heap before GC invocations=14 (full 0):
 garbage-first heap   total 90112K, used 75147K [0x0000000701600000, 0x0000000800000000)
  region size 2048K, 25 young (51200K), 3 survivors (6144K)
 Metaspace       used 76023K, committed 76672K, reserved 1114112K
  class space    used 10989K, committed 11264K, reserved 1048576K
}
Event: 9.798 GC heap after
{Heap after GC invocations=15 (full 0):
 garbage-first heap   total 90112K, used 32975K [0x0000000701600000, 0x0000000800000000)
  region size 2048K, 3 young (6144K), 3 survivors (6144K)
 Metaspace       used 76023K, committed 76672K, reserved 1114112K
  class space    used 10989K, committed 11264K, reserved 1048576K
}
Event: 10.746 GC heap before
{Heap before GC invocations=15 (full 0):
 garbage-first heap   total 90112K, used 73935K [0x0000000701600000, 0x0000000800000000)
  region size 2048K, 24 young (49152K), 3 survivors (6144K)
 Metaspace       used 78423K, committed 79040K, reserved 1179648K
  class space    used 11315K, committed 11584K, reserved 1048576K
}

