# JRE version: Java(TM) SE Runtime Environment (21.0.4+8) (build 21.0.4+8-LTS-274)
# Java VM: Java HotSpot(TM) 64-Bit Server VM (21.0.4+8-LTS-274, mixed mode, emulated-client, sharing, tiered, compressed oops, compressed class ptrs, g1 gc, windows-amd64)
GC Precious Log:
 CardTable entry size: 512
 Card Set container configuration: InlinePtr #cards 4 size 8 Array Of Cards #cards 16 size 48 Howl #buckets 8 coarsen threshold 3686 Howl Bitmap #cards 512 size 80 coarsen threshold 460 Card regions per heap region 1 cards per card region 4096
 CPUs: 8 total, 8 available
 Memory: 16288M
 Large Page Support: Disabled
 NUMA Support: Disabled
 Compressed Oops: Enabled (Zero based)
 Heap Region Size: 2M
 Heap Min Capacity: 8M
 Heap Initial Capacity: 256M
 Heap Max Capacity: 4074M
 Pre-touch: Disabled
 Parallel Workers: 8
 Concurrent Workers: 2
 Concurrent Refinement Workers: 8
 Periodic GC: Disabled
Heap:
 garbage-first heap   total 90112K, used 75166K [0x0000000701600000, 0x0000000800000000)
  region size 2048K, 23 young (47104K), 2 survivors (4096K)
 Metaspace       used 78323K, committed 78976K, reserved 1179648K
  class space    used 11295K, committed 11584K, reserved 1048576K
GC Heap History (20 events):
Event: 1.793 GC heap after
{Heap after GC invocations=3 (full 0):
 garbage-first heap   total 262144K, used 14509K [0x0000000701600000, 0x0000000800000000)
  region size 2048K, 3 young (6144K), 3 survivors (6144K)
 Metaspace       used 21171K, committed 21504K, reserved 1114112K
  class space    used 2866K, committed 3008K, reserved 1048576K
}
Event: 2.203 GC heap before
{Heap before GC invocations=4 (full 0):
 garbage-first heap   total 61440K, used 45229K [0x0000000701600000, 0x0000000800000000)
  region size 2048K, 18 young (36864K), 3 survivors (6144K)
 Metaspace       used 24860K, committed 25280K, reserved 1114112K
  class space    used 3420K, committed 3648K, reserved 1048576K
}
Event: 2.210 GC heap after
{Heap after GC invocations=5 (full 0):
 garbage-first heap   total 61440K, used 17070K [0x0000000701600000, 0x0000000800000000)
  region size 2048K, 2 young (4096K), 2 survivors (4096K)
 Metaspace       used 24860K, committed 25280K, reserved 1114112K
  class space    used 3420K, committed 3648K, reserved 1048576K
}
Event: 2.760 GC heap before
{Heap before GC invocations=5 (full 0):
 garbage-first heap   total 61440K, used 43694K [0x0000000701600000, 0x0000000800000000)
  region size 2048K, 15 young (30720K), 2 survivors (4096K)
 Metaspace       used 28620K, committed 29184K, reserved 1114112K
  class space    used 3977K, committed 4224K, reserved 1048576K
}
Event: 2.766 GC heap after
{Heap after GC invocations=6 (full 0):
 garbage-first heap   total 61440K, used 18908K [0x0000000701600000, 0x0000000800000000)
  region size 2048K, 1 young (2048K), 1 survivors (2048K)
 Metaspace       used 28620K, committed 29184K, reserved 1114112K
  class space    used 3977K, committed 4224K, reserved 1048576K
}
Event: 3.228 GC heap before
{Heap before GC invocations=6 (full 0):
 garbage-first heap   total 61440K, used 45532K [0x0000000701600000, 0x0000000800000000)
  region size 2048K, 14 young (28672K), 1 survivors (2048K)
 Metaspace       used 33200K, committed 33728K, reserved 1114112K
  class space    used 4659K, committed 4864K, reserved 1048576K
}
Event: 3.236 GC heap after
{Heap after GC invocations=7 (full 0):
 garbage-first heap   total 61440K, used 20990K [0x0000000701600000, 0x0000000800000000)
  region size 2048K, 2 young (4096K), 2 survivors (4096K)
 Metaspace       used 33200K, committed 33728K, reserved 1114112K
  class space    used 4659K, committed 4864K, reserved 1048576K
}
Event: 3.494 GC heap before
{Heap before GC invocations=7 (full 0):
 garbage-first heap   total 61440K, used 35326K [0x0000000701600000, 0x0000000800000000)
  region size 2048K, 10 young (20480K), 2 survivors (4096K)
 Metaspace       used 35718K, committed 36288K, reserved 1114112K
  class space    used 4948K, committed 5248K, reserved 1048576K
}
Event: 3.499 GC heap after
{Heap after GC invocations=8 (full 0):
 garbage-first heap   total 161792K, used 22511K [0x0000000701600000, 0x0000000800000000)
  region size 2048K, 1 young (2048K), 1 survivors (2048K)
 Metaspace       used 35718K, committed 36288K, reserved 1114112K
  class space    used 4948K, committed 5248K, reserved 1048576K
}
Event: 4.556 GC heap before
{Heap before GC invocations=9 (full 0):
 garbage-first heap   total 90112K, used 71663K [0x0000000701600000, 0x0000000800000000)
  region size 2048K, 26 young (53248K), 1 survivors (2048K)
 Metaspace       used 48390K, committed 48960K, reserved 1114112K
  class space    used 6665K, committed 6912K, reserved 1048576K
}
Event: 4.560 GC heap after
{Heap after GC invocations=10 (full 0):
 garbage-first heap   total 90112K, used 24987K [0x0000000701600000, 0x0000000800000000)
  region size 2048K, 2 young (4096K), 2 survivors (4096K)
 Metaspace       used 48390K, committed 48960K, reserved 1114112K
  class space    used 6665K, committed 6912K, reserved 1048576K
}
Event: 5.580 GC heap before
{Heap before GC invocations=10 (full 0):
 garbage-first heap   total 90112K, used 72091K [0x0000000701600000, 0x0000000800000000)
  region size 2048K, 26 young (53248K), 2 survivors (4096K)
 Metaspace       used 59951K, committed 60608K, reserved 1114112K
  class space    used 8315K, committed 8640K, reserved 1048576K
}
Event: 5.585 GC heap after
{Heap after GC invocations=11 (full 0):
 garbage-first heap   total 90112K, used 27679K [0x0000000701600000, 0x0000000800000000)
  region size 2048K, 4 young (8192K), 4 survivors (8192K)
 Metaspace       used 59951K, committed 60608K, reserved 1114112K
  class space    used 8315K, committed 8640K, reserved 1048576K
}
Event: 5.587 GC heap before
{Heap before GC invocations=11 (full 0):
 garbage-first heap   total 90112K, used 27679K [0x0000000701600000, 0x0000000800000000)
  region size 2048K, 5 young (10240K), 4 survivors (8192K)
 Metaspace       used 59960K, committed 60608K, reserved 1114112K
  class space    used 8317K, committed 8640K, reserved 1048576K
}
Event: 5.592 GC heap after
{Heap after GC invocations=12 (full 0):
 garbage-first heap   total 90112K, used 27798K [0x0000000701600000, 0x0000000800000000)
  region size 2048K, 2 young (4096K), 2 survivors (4096K)
 Metaspace       used 59960K, committed 60608K, reserved 1114112K
  class space    used 8317K, committed 8640K, reserved 1048576K
}
Event: 6.975 GC heap before
{Heap before GC invocations=13 (full 0):
 garbage-first heap   total 90112K, used 74902K [0x0000000701600000, 0x0000000800000000)
  region size 2048K, 26 young (53248K), 2 survivors (4096K)
 Metaspace       used 70988K, committed 71680K, reserved 1114112K
  class space    used 10071K, committed 10368K, reserved 1048576K
}
Event: 6.980 GC heap after
{Heap after GC invocations=14 (full 0):
 garbage-first heap   total 90112K, used 30141K [0x0000000701600000, 0x0000000800000000)
  region size 2048K, 3 young (6144K), 3 survivors (6144K)
 Metaspace       used 70988K, committed 71680K, reserved 1114112K
  class space    used 10071K, committed 10368K, reserved 1048576K
}
Event: 8.537 GC heap before
{Heap before GC invocations=14 (full 0):
 garbage-first heap   total 90112K, used 77245K [0x0000000701600000, 0x0000000800000000)
  region size 2048K, 26 young (53248K), 3 survivors (6144K)
 Metaspace       used 76037K, committed 76672K, reserved 1114112K
  class space    used 10989K, committed 11264K, reserved 1048576K
}
Event: 8.544 GC heap after
{Heap after GC invocations=15 (full 0):
 garbage-first heap   total 90112K, used 32158K [0x0000000701600000, 0x0000000800000000)
  region size 2048K, 3 young (6144K), 3 survivors (6144K)
 Metaspace       used 76037K, committed 76672K, reserved 1114112K
  class space    used 10989K, committed 11264K, reserved 1048576K
}
Event: 10.591 GC heap before
{Heap before GC invocations=15 (full 0):
 garbage-first heap   total 90112K, used 75166K [0x0000000701600000, 0x0000000800000000)
  region size 2048K, 24 young (49152K), 3 survivors (6144K)
 Metaspace       used 78323K, committed 78976K, reserved 1179648K
  class space    used 11295K, committed 11584K, reserved 1048576K
}

