# JRE version: Java(TM) SE Runtime Environment (21.0.4+8) (build 21.0.4+8-LTS-274)
# Java VM: Java HotSpot(TM) 64-Bit Server VM (21.0.4+8-LTS-274, mixed mode, sharing, tiered, compressed oops, compressed class ptrs, g1 gc, windows-amd64)
GC Precious Log:
 CardTable entry size: 512
 Card Set container configuration: InlinePtr #cards 5 size 8 Array Of Cards #cards 12 size 40 Howl #buckets 4 coarsen threshold 1843 Howl Bitmap #cards 512 size 80 coarsen threshold 460 Card regions per heap region 1 cards per card region 2048
 CPUs: 8 total, 8 available
 Memory: 16288M
 Large Page Support: Disabled
 NUMA Support: Disabled
 Compressed Oops: Enabled (32-bit)
 Heap Region Size: 1M
 Heap Min Capacity: 256M
 Heap Initial Capacity: 256M
 Heap Max Capacity: 512M
 Pre-touch: Disabled
 Parallel Workers: 8
 Concurrent Workers: 2
 Concurrent Refinement Workers: 8
 Periodic GC: Disabled
Heap:
 garbage-first heap   total 262144K, used 127117K [0x00000000e0000000, 0x0000000100000000)
  region size 1024K, 37 young (37888K), 8 survivors (8192K)
 Metaspace       used 82969K, committed 85440K, reserved 458752K
  class space    used 11344K, committed 12544K, reserved 327680K
GC Heap History (20 events):
Event: 5.704 GC heap before
{Heap before GC invocations=5 (full 0):
 garbage-first heap   total 262144K, used 132976K [0x00000000e0000000, 0x0000000100000000)
  region size 1024K, 115 young (117760K), 12 survivors (12288K)
 Metaspace       used 34900K, committed 35968K, reserved 393216K
  class space    used 4844K, committed 5376K, reserved 327680K
}
Event: 5.718 GC heap after
{Heap after GC invocations=6 (full 0):
 garbage-first heap   total 262144K, used 33390K [0x00000000e0000000, 0x0000000100000000)
  region size 1024K, 16 young (16384K), 16 survivors (16384K)
 Metaspace       used 34900K, committed 35968K, reserved 393216K
  class space    used 4844K, committed 5376K, reserved 327680K
}
Event: 5.769 GC heap before
{Heap before GC invocations=6 (full 0):
 garbage-first heap   total 262144K, used 36462K [0x00000000e0000000, 0x0000000100000000)
  region size 1024K, 20 young (20480K), 16 survivors (16384K)
 Metaspace       used 35221K, committed 36288K, reserved 393216K
  class space    used 4905K, committed 5440K, reserved 327680K
}
Event: 5.780 GC heap after
{Heap after GC invocations=7 (full 0):
 garbage-first heap   total 262144K, used 33346K [0x00000000e0000000, 0x0000000100000000)
  region size 1024K, 10 young (10240K), 10 survivors (10240K)
 Metaspace       used 35221K, committed 36288K, reserved 393216K
  class space    used 4905K, committed 5440K, reserved 327680K
}
Event: 5.859 GC heap before
{Heap before GC invocations=7 (full 0):
 garbage-first heap   total 262144K, used 37442K [0x00000000e0000000, 0x0000000100000000)
  region size 1024K, 15 young (15360K), 10 survivors (10240K)
 Metaspace       used 35464K, committed 36608K, reserved 393216K
  class space    used 4937K, committed 5504K, reserved 327680K
}
Event: 5.865 GC heap after
{Heap after GC invocations=8 (full 0):
 garbage-first heap   total 262144K, used 32742K [0x00000000e0000000, 0x0000000100000000)
  region size 1024K, 9 young (9216K), 9 survivors (9216K)
 Metaspace       used 35464K, committed 36608K, reserved 393216K
  class space    used 4937K, committed 5504K, reserved 327680K
}
Event: 8.417 GC heap before
{Heap before GC invocations=9 (full 0):
 garbage-first heap   total 262144K, used 181222K [0x00000000e0000000, 0x0000000100000000)
  region size 1024K, 153 young (156672K), 9 survivors (9216K)
 Metaspace       used 50853K, committed 52608K, reserved 393216K
  class space    used 7347K, committed 8192K, reserved 327680K
}
Event: 8.432 GC heap after
{Heap after GC invocations=10 (full 0):
 garbage-first heap   total 262144K, used 40757K [0x00000000e0000000, 0x0000000100000000)
  region size 1024K, 17 young (17408K), 17 survivors (17408K)
 Metaspace       used 50853K, committed 52608K, reserved 393216K
  class space    used 7347K, committed 8192K, reserved 327680K
}
Event: 10.625 GC heap before
{Heap before GC invocations=10 (full 0):
 garbage-first heap   total 262144K, used 180021K [0x00000000e0000000, 0x0000000100000000)
  region size 1024K, 153 young (156672K), 17 survivors (17408K)
 Metaspace       used 58574K, committed 60608K, reserved 393216K
  class space    used 8410K, committed 9408K, reserved 327680K
}
Event: 10.645 GC heap after
{Heap after GC invocations=11 (full 0):
 garbage-first heap   total 262144K, used 50735K [0x00000000e0000000, 0x0000000100000000)
  region size 1024K, 19 young (19456K), 19 survivors (19456K)
 Metaspace       used 58574K, committed 60608K, reserved 393216K
  class space    used 8410K, committed 9408K, reserved 327680K
}
Event: 11.188 GC heap before
{Heap before GC invocations=11 (full 0):
 garbage-first heap   total 262144K, used 106031K [0x00000000e0000000, 0x0000000100000000)
  region size 1024K, 74 young (75776K), 19 survivors (19456K)
 Metaspace       used 59183K, committed 61248K, reserved 393216K
  class space    used 8451K, committed 9472K, reserved 327680K
}
Event: 11.204 GC heap after
{Heap after GC invocations=12 (full 0):
 garbage-first heap   total 262144K, used 56333K [0x00000000e0000000, 0x0000000100000000)
  region size 1024K, 6 young (6144K), 6 survivors (6144K)
 Metaspace       used 59183K, committed 61248K, reserved 393216K
  class space    used 8451K, committed 9472K, reserved 327680K
}
Event: 13.988 GC heap before
{Heap before GC invocations=13 (full 0):
 garbage-first heap   total 262144K, used 207885K [0x00000000e0000000, 0x0000000100000000)
  region size 1024K, 153 young (156672K), 6 survivors (6144K)
 Metaspace       used 71431K, committed 73728K, reserved 393216K
  class space    used 10078K, committed 11200K, reserved 327680K
}
Event: 14.005 GC heap after
{Heap after GC invocations=14 (full 0):
 garbage-first heap   total 262144K, used 74752K [0x00000000e0000000, 0x0000000100000000)
  region size 1024K, 20 young (20480K), 20 survivors (20480K)
 Metaspace       used 71431K, committed 73728K, reserved 393216K
  class space    used 10078K, committed 11200K, reserved 327680K
}
Event: 16.724 GC heap before
{Heap before GC invocations=14 (full 0):
 garbage-first heap   total 262144K, used 209920K [0x00000000e0000000, 0x0000000100000000)
  region size 1024K, 153 young (156672K), 20 survivors (20480K)
 Metaspace       used 80238K, committed 82624K, reserved 458752K
  class space    used 11137K, committed 12352K, reserved 327680K
}
Event: 16.741 GC heap after
{Heap after GC invocations=15 (full 0):
 garbage-first heap   total 262144K, used 77268K [0x00000000e0000000, 0x0000000100000000)
  region size 1024K, 8 young (8192K), 8 survivors (8192K)
 Metaspace       used 80238K, committed 82624K, reserved 458752K
  class space    used 11137K, committed 12352K, reserved 327680K
}
Event: 111.194 GC heap before
{Heap before GC invocations=15 (full 0):
 garbage-first heap   total 262144K, used 223700K [0x00000000e0000000, 0x0000000100000000)
  region size 1024K, 152 young (155648K), 8 survivors (8192K)
 Metaspace       used 81742K, committed 84160K, reserved 458752K
  class space    used 11295K, committed 12544K, reserved 327680K
}
Event: 111.219 GC heap after
{Heap after GC invocations=16 (full 0):
 garbage-first heap   total 262144K, used 93732K [0x00000000e0000000, 0x0000000100000000)
  region size 1024K, 19 young (19456K), 19 survivors (19456K)
 Metaspace       used 81742K, committed 84160K, reserved 458752K
  class space    used 11295K, committed 12544K, reserved 327680K
}
Event: 212.892 GC heap before
{Heap before GC invocations=16 (full 0):
 garbage-first heap   total 262144K, used 222756K [0x00000000e0000000, 0x0000000100000000)
  region size 1024K, 146 young (149504K), 19 survivors (19456K)
 Metaspace       used 82828K, committed 85248K, reserved 458752K
  class space    used 11344K, committed 12544K, reserved 327680K
}
Event: 212.911 GC heap after
{Heap after GC invocations=17 (full 0):
 garbage-first heap   total 262144K, used 98445K [0x00000000e0000000, 0x0000000100000000)
  region size 1024K, 8 young (8192K), 8 survivors (8192K)
 Metaspace       used 82828K, committed 85248K, reserved 458752K
  class space    used 11344K, committed 12544K, reserved 327680K
}

