# JRE version: Java(TM) SE Runtime Environment (21.0.4+8) (build 21.0.4+8-LTS-274)
# Java VM: Java HotSpot(TM) 64-Bit Server VM (21.0.4+8-LTS-274, mixed mode, emulated-client, sharing, tiered, compressed oops, compressed class ptrs, g1 gc, windows-amd64)
GC Precious Log:
 CardTable entry size: 512
 Card Set container configuration: InlinePtr #cards 4 size 8 Array Of Cards #cards 16 size 48 Howl #buckets 8 coarsen threshold 3686 Howl Bitmap #cards 512 size 80 coarsen threshold 460 Card regions per heap region 1 cards per card region 4096
 CPUs: 8 total, 8 available
 Memory: 16288M
 Large Page Support: Disabled
 NUMA Support: Disabled
 Compressed Oops: Enabled (Zero based)
 Heap Region Size: 2M
 Heap Min Capacity: 8M
 Heap Initial Capacity: 256M
 Heap Max Capacity: 4074M
 Pre-touch: Disabled
 Parallel Workers: 8
 Concurrent Workers: 2
 Concurrent Refinement Workers: 8
 Periodic GC: Disabled
Heap:
 garbage-first heap   total 90112K, used 62840K [0x0000000701600000, 0x0000000800000000)
  region size 2048K, 21 young (43008K), 2 survivors (4096K)
 Metaspace       used 68972K, committed 69696K, reserved 1114112K
  class space    used 9870K, committed 10176K, reserved 1048576K
GC Heap History (20 events):
Event: 0.726 GC heap before
{Heap before GC invocations=0 (full 0):
 garbage-first heap   total 262144K, used 20480K [0x0000000701600000, 0x0000000800000000)
  region size 2048K, 11 young (22528K), 0 survivors (0K)
 Metaspace       used 6157K, committed 6400K, reserved 1114112K
  class space    used 736K, committed 832K, reserved 1048576K
}
Event: 0.731 GC heap after
{Heap after GC invocations=1 (full 0):
 garbage-first heap   total 262144K, used 8345K [0x0000000701600000, 0x0000000800000000)
  region size 2048K, 2 young (4096K), 2 survivors (4096K)
 Metaspace       used 6157K, committed 6400K, reserved 1114112K
  class space    used 736K, committed 832K, reserved 1048576K
}
Event: 1.251 GC heap before
{Heap before GC invocations=1 (full 0):
 garbage-first heap   total 262144K, used 30873K [0x0000000701600000, 0x0000000800000000)
  region size 2048K, 13 young (26624K), 2 survivors (4096K)
 Metaspace       used 11845K, committed 12224K, reserved 1114112K
  class space    used 1570K, committed 1728K, reserved 1048576K
}
Event: 1.256 GC heap after
{Heap after GC invocations=2 (full 0):
 garbage-first heap   total 262144K, used 11013K [0x0000000701600000, 0x0000000800000000)
  region size 2048K, 2 young (4096K), 2 survivors (4096K)
 Metaspace       used 11845K, committed 12224K, reserved 1114112K
  class space    used 1570K, committed 1728K, reserved 1048576K
}
Event: 1.837 GC heap before
{Heap before GC invocations=2 (full 0):
 garbage-first heap   total 262144K, used 54021K [0x0000000701600000, 0x0000000800000000)
  region size 2048K, 25 young (51200K), 2 survivors (4096K)
 Metaspace       used 21086K, committed 21504K, reserved 1114112K
  class space    used 2856K, committed 3072K, reserved 1048576K
}
Event: 1.842 GC heap after
{Heap after GC invocations=3 (full 0):
 garbage-first heap   total 262144K, used 14761K [0x0000000701600000, 0x0000000800000000)
  region size 2048K, 3 young (6144K), 3 survivors (6144K)
 Metaspace       used 21086K, committed 21504K, reserved 1114112K
  class space    used 2856K, committed 3072K, reserved 1048576K
}
Event: 2.300 GC heap before
{Heap before GC invocations=4 (full 0):
 garbage-first heap   total 61440K, used 43433K [0x0000000701600000, 0x0000000800000000)
  region size 2048K, 18 young (36864K), 3 survivors (6144K)
 Metaspace       used 24825K, committed 25216K, reserved 1114112K
  class space    used 3417K, committed 3584K, reserved 1048576K
}
Event: 2.309 GC heap after
{Heap after GC invocations=5 (full 0):
 garbage-first heap   total 61440K, used 17096K [0x0000000701600000, 0x0000000800000000)
  region size 2048K, 2 young (4096K), 2 survivors (4096K)
 Metaspace       used 24825K, committed 25216K, reserved 1114112K
  class space    used 3417K, committed 3584K, reserved 1048576K
}
Event: 2.893 GC heap before
{Heap before GC invocations=5 (full 0):
 garbage-first heap   total 61440K, used 43720K [0x0000000701600000, 0x0000000800000000)
  region size 2048K, 15 young (30720K), 2 survivors (4096K)
 Metaspace       used 28610K, committed 29120K, reserved 1114112K
  class space    used 3981K, committed 4224K, reserved 1048576K
}
Event: 2.899 GC heap after
{Heap after GC invocations=6 (full 0):
 garbage-first heap   total 61440K, used 18906K [0x0000000701600000, 0x0000000800000000)
  region size 2048K, 1 young (2048K), 1 survivors (2048K)
 Metaspace       used 28610K, committed 29120K, reserved 1114112K
  class space    used 3981K, committed 4224K, reserved 1048576K
}
Event: 3.390 GC heap before
{Heap before GC invocations=6 (full 0):
 garbage-first heap   total 61440K, used 43482K [0x0000000701600000, 0x0000000800000000)
  region size 2048K, 14 young (28672K), 1 survivors (2048K)
 Metaspace       used 33118K, committed 33664K, reserved 1114112K
  class space    used 4653K, committed 4864K, reserved 1048576K
}
Event: 3.398 GC heap after
{Heap after GC invocations=7 (full 0):
 garbage-first heap   total 61440K, used 21290K [0x0000000701600000, 0x0000000800000000)
  region size 2048K, 2 young (4096K), 2 survivors (4096K)
 Metaspace       used 33118K, committed 33664K, reserved 1114112K
  class space    used 4653K, committed 4864K, reserved 1048576K
}
Event: 3.686 GC heap before
{Heap before GC invocations=7 (full 0):
 garbage-first heap   total 61440K, used 35626K [0x0000000701600000, 0x0000000800000000)
  region size 2048K, 10 young (20480K), 2 survivors (4096K)
 Metaspace       used 35568K, committed 36160K, reserved 1114112K
  class space    used 4936K, committed 5248K, reserved 1048576K
}
Event: 3.692 GC heap after
{Heap after GC invocations=8 (full 0):
 garbage-first heap   total 161792K, used 22847K [0x0000000701600000, 0x0000000800000000)
  region size 2048K, 1 young (2048K), 1 survivors (2048K)
 Metaspace       used 35568K, committed 36160K, reserved 1114112K
  class space    used 4936K, committed 5248K, reserved 1048576K
}
Event: 4.814 GC heap before
{Heap before GC invocations=9 (full 0):
 garbage-first heap   total 90112K, used 71999K [0x0000000701600000, 0x0000000800000000)
  region size 2048K, 26 young (53248K), 1 survivors (2048K)
 Metaspace       used 48237K, committed 48832K, reserved 1114112K
  class space    used 6646K, committed 6912K, reserved 1048576K
}
Event: 4.818 GC heap after
{Heap after GC invocations=10 (full 0):
 garbage-first heap   total 90112K, used 25294K [0x0000000701600000, 0x0000000800000000)
  region size 2048K, 2 young (4096K), 2 survivors (4096K)
 Metaspace       used 48237K, committed 48832K, reserved 1114112K
  class space    used 6646K, committed 6912K, reserved 1048576K
}
Event: 5.875 GC heap before
{Heap before GC invocations=10 (full 0):
 garbage-first heap   total 90112K, used 72398K [0x0000000701600000, 0x0000000800000000)
  region size 2048K, 26 young (53248K), 2 survivors (4096K)
 Metaspace       used 59793K, committed 60416K, reserved 1114112K
  class space    used 8293K, committed 8576K, reserved 1048576K
}
Event: 5.880 GC heap after
{Heap after GC invocations=11 (full 0):
 garbage-first heap   total 90112K, used 27903K [0x0000000701600000, 0x0000000800000000)
  region size 2048K, 4 young (8192K), 4 survivors (8192K)
 Metaspace       used 59793K, committed 60416K, reserved 1114112K
  class space    used 8293K, committed 8576K, reserved 1048576K
}
Event: 5.891 GC heap before
{Heap before GC invocations=11 (full 0):
 garbage-first heap   total 90112K, used 27903K [0x0000000701600000, 0x0000000800000000)
  region size 2048K, 5 young (10240K), 4 survivors (8192K)
 Metaspace       used 59900K, committed 60480K, reserved 1114112K
  class space    used 8314K, committed 8576K, reserved 1048576K
}
Event: 5.896 GC heap after
{Heap after GC invocations=12 (full 0):
 garbage-first heap   total 90112K, used 28024K [0x0000000701600000, 0x0000000800000000)
  region size 2048K, 2 young (4096K), 2 survivors (4096K)
 Metaspace       used 59900K, committed 60480K, reserved 1114112K
  class space    used 8314K, committed 8576K, reserved 1048576K
}

