# JRE version: Java(TM) SE Runtime Environment (21.0.4+8) (build 21.0.4+8-LTS-274)
# Java VM: Java HotSpot(TM) 64-Bit Server VM (21.0.4+8-LTS-274, mixed mode, sharing, tiered, compressed oops, compressed class ptrs, g1 gc, windows-amd64)
GC Precious Log:
 CardTable entry size: 512
 Card Set container configuration: InlinePtr #cards 5 size 8 Array Of Cards #cards 12 size 40 Howl #buckets 4 coarsen threshold 1843 Howl Bitmap #cards 512 size 80 coarsen threshold 460 Card regions per heap region 1 cards per card region 2048
 CPUs: 8 total, 8 available
 Memory: 16288M
 Large Page Support: Disabled
 NUMA Support: Disabled
 Compressed Oops: Enabled (32-bit)
 Heap Region Size: 1M
 Heap Min Capacity: 256M
 Heap Initial Capacity: 256M
 Heap Max Capacity: 512M
 Pre-touch: Disabled
 Parallel Workers: 8
 Concurrent Workers: 2
 Concurrent Refinement Workers: 8
 Periodic GC: Disabled
Heap:
 garbage-first heap   total 262144K, used 230839K [0x00000000e0000000, 0x0000000100000000)
  region size 1024K, 128 young (131072K), 5 survivors (5120K)
 Metaspace       used 84413K, committed 86848K, reserved 458752K
  class space    used 11528K, committed 12736K, reserved 327680K
GC Heap History (20 events):
Event: 3.920 GC heap after
{Heap after GC invocations=4 (full 0):
 garbage-first heap   total 262144K, used 23925K [0x00000000e0000000, 0x0000000100000000)
  region size 1024K, 14 young (14336K), 14 survivors (14336K)
 Metaspace       used 20902K, committed 21504K, reserved 393216K
  class space    used 3027K, committed 3328K, reserved 327680K
}
Event: 6.024 GC heap before
{Heap before GC invocations=5 (full 0):
 garbage-first heap   total 262144K, used 135541K [0x00000000e0000000, 0x0000000100000000)
  region size 1024K, 120 young (122880K), 14 survivors (14336K)
 Metaspace       used 35036K, committed 36096K, reserved 393216K
  class space    used 4859K, committed 5376K, reserved 327680K
}
Event: 6.040 GC heap after
{Heap after GC invocations=6 (full 0):
 garbage-first heap   total 262144K, used 33290K [0x00000000e0000000, 0x0000000100000000)
  region size 1024K, 20 young (20480K), 20 survivors (20480K)
 Metaspace       used 35036K, committed 36096K, reserved 393216K
  class space    used 4859K, committed 5376K, reserved 327680K
}
Event: 8.668 GC heap before
{Heap before GC invocations=7 (full 0):
 garbage-first heap   total 262144K, used 170506K [0x00000000e0000000, 0x0000000100000000)
  region size 1024K, 153 young (156672K), 20 survivors (20480K)
 Metaspace       used 49974K, committed 51712K, reserved 393216K
  class space    used 7216K, committed 8064K, reserved 327680K
}
Event: 8.688 GC heap after
{Heap after GC invocations=8 (full 0):
 garbage-first heap   total 262144K, used 39720K [0x00000000e0000000, 0x0000000100000000)
  region size 1024K, 16 young (16384K), 16 survivors (16384K)
 Metaspace       used 49974K, committed 51712K, reserved 393216K
  class space    used 7216K, committed 8064K, reserved 327680K
}
Event: 11.031 GC heap before
{Heap before GC invocations=8 (full 0):
 garbage-first heap   total 262144K, used 178984K [0x00000000e0000000, 0x0000000100000000)
  region size 1024K, 153 young (156672K), 16 survivors (16384K)
 Metaspace       used 58252K, committed 60160K, reserved 393216K
  class space    used 8385K, committed 9344K, reserved 327680K
}
Event: 11.050 GC heap after
{Heap after GC invocations=9 (full 0):
 garbage-first heap   total 262144K, used 51870K [0x00000000e0000000, 0x0000000100000000)
  region size 1024K, 20 young (20480K), 20 survivors (20480K)
 Metaspace       used 58252K, committed 60160K, reserved 393216K
  class space    used 8385K, committed 9344K, reserved 327680K
}
Event: 11.137 GC heap before
{Heap before GC invocations=9 (full 0):
 garbage-first heap   total 262144K, used 56990K [0x00000000e0000000, 0x0000000100000000)
  region size 1024K, 26 young (26624K), 20 survivors (20480K)
 Metaspace       used 58427K, committed 60416K, reserved 393216K
  class space    used 8408K, committed 9408K, reserved 327680K
}
Event: 11.149 GC heap after
{Heap after GC invocations=10 (full 0):
 garbage-first heap   total 262144K, used 52400K [0x00000000e0000000, 0x0000000100000000)
  region size 1024K, 3 young (3072K), 3 survivors (3072K)
 Metaspace       used 58427K, committed 60416K, reserved 393216K
  class space    used 8408K, committed 9408K, reserved 327680K
}
Event: 13.123 GC heap before
{Heap before GC invocations=11 (full 0):
 garbage-first heap   total 262144K, used 204976K [0x00000000e0000000, 0x0000000100000000)
  region size 1024K, 153 young (156672K), 3 survivors (3072K)
 Metaspace       used 61894K, committed 64000K, reserved 393216K
  class space    used 8935K, committed 9984K, reserved 327680K
}
Event: 13.136 GC heap after
{Heap after GC invocations=12 (full 0):
 garbage-first heap   total 262144K, used 63686K [0x00000000e0000000, 0x0000000100000000)
  region size 1024K, 14 young (14336K), 14 survivors (14336K)
 Metaspace       used 61894K, committed 64000K, reserved 393216K
  class space    used 8935K, committed 9984K, reserved 327680K
}
Event: 15.791 GC heap before
{Heap before GC invocations=12 (full 0):
 garbage-first heap   total 262144K, used 207046K [0x00000000e0000000, 0x0000000100000000)
  region size 1024K, 153 young (156672K), 14 survivors (14336K)
 Metaspace       used 73594K, committed 75840K, reserved 393216K
  class space    used 10375K, committed 11520K, reserved 327680K
}
Event: 15.810 GC heap after
{Heap after GC invocations=13 (full 0):
 garbage-first heap   total 262144K, used 74784K [0x00000000e0000000, 0x0000000100000000)
  region size 1024K, 11 young (11264K), 11 survivors (11264K)
 Metaspace       used 73594K, committed 75840K, reserved 393216K
  class space    used 10375K, committed 11520K, reserved 327680K
}
Event: 125.488 GC heap before
{Heap before GC invocations=13 (full 0):
 garbage-first heap   total 262144K, used 220192K [0x00000000e0000000, 0x0000000100000000)
  region size 1024K, 153 young (156672K), 11 survivors (11264K)
 Metaspace       used 75578K, committed 77888K, reserved 458752K
  class space    used 10553K, committed 11712K, reserved 327680K
}
Event: 125.500 GC heap after
{Heap after GC invocations=14 (full 0):
 garbage-first heap   total 262144K, used 80278K [0x00000000e0000000, 0x0000000100000000)
  region size 1024K, 18 young (18432K), 18 survivors (18432K)
 Metaspace       used 75578K, committed 77888K, reserved 458752K
  class space    used 10553K, committed 11712K, reserved 327680K
}
Event: 127.503 GC heap before
{Heap before GC invocations=14 (full 0):
 garbage-first heap   total 262144K, used 218518K [0x00000000e0000000, 0x0000000100000000)
  region size 1024K, 153 young (156672K), 18 survivors (18432K)
 Metaspace       used 81726K, committed 84096K, reserved 458752K
  class space    used 11330K, committed 12480K, reserved 327680K
}
Event: 127.527 GC heap after
{Heap after GC invocations=15 (full 0):
 garbage-first heap   total 262144K, used 98304K [0x00000000e0000000, 0x0000000100000000)
  region size 1024K, 20 young (20480K), 20 survivors (20480K)
 Metaspace       used 81726K, committed 84096K, reserved 458752K
  class space    used 11330K, committed 12480K, reserved 327680K
}
Event: 1451.195 GC heap before
{Heap before GC invocations=15 (full 0):
 garbage-first heap   total 262144K, used 225280K [0x00000000e0000000, 0x0000000100000000)
  region size 1024K, 145 young (148480K), 20 survivors (20480K)
 Metaspace       used 83175K, committed 85632K, reserved 458752K
  class space    used 11402K, committed 12608K, reserved 327680K
}
Event: 1451.211 GC heap after
{Heap after GC invocations=16 (full 0):
 garbage-first heap   total 262144K, used 102872K [0x00000000e0000000, 0x0000000100000000)
  region size 1024K, 9 young (9216K), 9 survivors (9216K)
 Metaspace       used 83175K, committed 85632K, reserved 458752K
  class space    used 11402K, committed 12608K, reserved 327680K
}
Event: 1452.495 GC heap before
{Heap before GC invocations=16 (full 0):
 garbage-first heap   total 262144K, used 229848K [0x00000000e0000000, 0x0000000100000000)
  region size 1024K, 132 young (135168K), 9 survivors (9216K)
 Metaspace       used 84413K, committed 86848K, reserved 458752K
  class space    used 11528K, committed 12736K, reserved 327680K
}

